11-Oct-2016 15:34:25.056 INFO [main] org.apache.catalina.startup.VersionLoggerListener.log Server version:        Apache Tomcat/8.0.36
11-Oct-2016 15:34:25.057 INFO [main] org.apache.catalina.startup.VersionLoggerListener.log Server built:          Jun 9 2016 13:55:50 UTC
11-Oct-2016 15:34:25.057 INFO [main] org.apache.catalina.startup.VersionLoggerListener.log Server number:         8.0.36.0
11-Oct-2016 15:34:25.057 INFO [main] org.apache.catalina.startup.VersionLoggerListener.log OS Name:               Windows 7
11-Oct-2016 15:34:25.058 INFO [main] org.apache.catalina.startup.VersionLoggerListener.log OS Version:            6.1
11-Oct-2016 15:34:25.058 INFO [main] org.apache.catalina.startup.VersionLoggerListener.log Architecture:          amd64
11-Oct-2016 15:34:25.058 INFO [main] org.apache.catalina.startup.VersionLoggerListener.log Java Home:             C:\Program Files\Java\jdk1.8.0_91\jre
11-Oct-2016 15:34:25.058 INFO [main] org.apache.catalina.startup.VersionLoggerListener.log JVM Version:           1.8.0_91-b15
11-Oct-2016 15:34:25.058 INFO [main] org.apache.catalina.startup.VersionLoggerListener.log JVM Vendor:            Oracle Corporation
11-Oct-2016 15:34:25.058 INFO [main] org.apache.catalina.startup.VersionLoggerListener.log CATALINA_BASE:         D:\apache-tomcat-8.0.36
11-Oct-2016 15:34:25.058 INFO [main] org.apache.catalina.startup.VersionLoggerListener.log CATALINA_HOME:         D:\apache-tomcat-8.0.36
11-Oct-2016 15:34:25.058 INFO [main] org.apache.catalina.startup.VersionLoggerListener.log Command line argument: -Djdk.tls.ephemeralDHKeySize=2048
11-Oct-2016 15:34:25.058 INFO [main] org.apache.catalina.startup.VersionLoggerListener.log Command line argument: -Djava.util.logging.config.file=D:\apache-tomcat-8.0.36\conf\logging.properties
11-Oct-2016 15:34:25.059 INFO [main] org.apache.catalina.startup.VersionLoggerListener.log Command line argument: -Djava.util.logging.manager=org.apache.juli.ClassLoaderLogManager
11-Oct-2016 15:34:25.059 INFO [main] org.apache.catalina.startup.VersionLoggerListener.log Command line argument: -Djava.endorsed.dirs=D:\apache-tomcat-8.0.36\endorsed
11-Oct-2016 15:34:25.059 INFO [main] org.apache.catalina.startup.VersionLoggerListener.log Command line argument: -Dcatalina.base=D:\apache-tomcat-8.0.36
11-Oct-2016 15:34:25.059 INFO [main] org.apache.catalina.startup.VersionLoggerListener.log Command line argument: -Dcatalina.home=D:\apache-tomcat-8.0.36
11-Oct-2016 15:34:25.060 INFO [main] org.apache.catalina.startup.VersionLoggerListener.log Command line argument: -Djava.io.tmpdir=D:\apache-tomcat-8.0.36\temp
11-Oct-2016 15:34:25.060 INFO [main] org.apache.catalina.core.AprLifecycleListener.lifecycleEvent The APR based Apache Tomcat Native library which allows optimal performance in production environments was not found on the java.library.path: C:\Program Files\Java\jdk1.8.0_91\bin;C:\Windows\Sun\Java\bin;C:\Windows\system32;C:\Windows;C:\ProgramData\Oracle\Java\javapath;C:\Windows\system32;C:\Windows;C:\Windows\System32\Wbem;C:\Windows\System32\WindowsPowerShell\v1.0\;C:\Program Files\TortoiseSVN\bin;C:\Program Files\Java\jdk1.8.0_91\bin;C:\Program Files\Java\jdk1.8.0_91\jre\bin ;C:\Program Files (x86)\MySQL\MySQL Fabric 1.5 & MySQL Utilities 1.5\;C:\Program Files (x86)\MySQL\MySQL Fabric 1.5 & MySQL Utilities 1.5\Doctrine extensions for PHP\;D:\apache-maven-3.3.9\bin;D:\python2.7;C:\Users\Administrator\Desktop\xmlbeans-2.6.0\bin;.
11-Oct-2016 15:34:25.153 INFO [main] org.apache.coyote.AbstractProtocol.init Initializing ProtocolHandler ["http-nio-8080"]
11-Oct-2016 15:34:25.211 INFO [main] org.apache.tomcat.util.net.NioSelectorPool.getSharedSelector Using a shared selector for servlet write/read
11-Oct-2016 15:34:25.212 INFO [main] org.apache.coyote.AbstractProtocol.init Initializing ProtocolHandler ["ajp-nio-8009"]
11-Oct-2016 15:34:25.214 INFO [main] org.apache.tomcat.util.net.NioSelectorPool.getSharedSelector Using a shared selector for servlet write/read
11-Oct-2016 15:34:25.215 INFO [main] org.apache.catalina.startup.Catalina.load Initialization processed in 386 ms
11-Oct-2016 15:34:25.230 INFO [main] org.apache.catalina.core.StandardService.startInternal Starting service Catalina
11-Oct-2016 15:34:25.230 INFO [main] org.apache.catalina.core.StandardEngine.startInternal Starting Servlet Engine: Apache Tomcat/8.0.36
11-Oct-2016 15:34:25.236 INFO [localhost-startStop-1] org.apache.catalina.startup.HostConfig.deployDirectory Deploying web application directory D:\apache-tomcat-8.0.36\webapps\docs
11-Oct-2016 15:34:25.457 INFO [localhost-startStop-1] org.apache.catalina.startup.HostConfig.deployDirectory Deployment of web application directory D:\apache-tomcat-8.0.36\webapps\docs has finished in 220 ms
11-Oct-2016 15:34:25.457 INFO [localhost-startStop-1] org.apache.catalina.startup.HostConfig.deployDirectory Deploying web application directory D:\apache-tomcat-8.0.36\webapps\examples
11-Oct-2016 15:34:25.607 INFO [localhost-startStop-1] org.apache.catalina.startup.HostConfig.deployDirectory Deployment of web application directory D:\apache-tomcat-8.0.36\webapps\examples has finished in 150 ms
11-Oct-2016 15:34:25.608 INFO [localhost-startStop-1] org.apache.catalina.startup.HostConfig.deployDirectory Deploying web application directory D:\apache-tomcat-8.0.36\webapps\host-manager
11-Oct-2016 15:34:25.621 INFO [localhost-startStop-1] org.apache.catalina.startup.HostConfig.deployDirectory Deployment of web application directory D:\apache-tomcat-8.0.36\webapps\host-manager has finished in 13 ms
11-Oct-2016 15:34:25.622 INFO [localhost-startStop-1] org.apache.catalina.startup.HostConfig.deployDirectory Deploying web application directory D:\apache-tomcat-8.0.36\webapps\manager
11-Oct-2016 15:34:25.632 INFO [localhost-startStop-1] org.apache.catalina.startup.HostConfig.deployDirectory Deployment of web application directory D:\apache-tomcat-8.0.36\webapps\manager has finished in 10 ms
11-Oct-2016 15:34:25.633 INFO [localhost-startStop-1] org.apache.catalina.startup.HostConfig.deployDirectory Deploying web application directory D:\apache-tomcat-8.0.36\webapps\ROOT
11-Oct-2016 15:34:25.644 INFO [localhost-startStop-1] org.apache.catalina.startup.HostConfig.deployDirectory Deployment of web application directory D:\apache-tomcat-8.0.36\webapps\ROOT has finished in 11 ms
11-Oct-2016 15:34:25.644 INFO [localhost-startStop-1] org.apache.catalina.startup.HostConfig.deployDirectory Deploying web application directory D:\apache-tomcat-8.0.36\webapps\solr
11-Oct-2016 15:34:28.947 INFO [localhost-startStop-1] org.apache.jasper.servlet.TldScanner.scanJars At least one JAR was scanned for TLDs yet contained no TLDs. Enable debug logging for this logger for a complete list of JARs that were scanned but no TLDs were found in them. Skipping unneeded JARs during scanning can improve startup time and JSP compilation time.
11-Oct-2016 15:34:29.434 INFO [localhost-startStop-1] org.apache.catalina.startup.HostConfig.deployDirectory Deployment of web application directory D:\apache-tomcat-8.0.36\webapps\solr has finished in 3,790 ms
11-Oct-2016 15:34:29.435 INFO [localhost-startStop-1] org.apache.catalina.startup.HostConfig.deployDirectory Deploying web application directory D:\apache-tomcat-8.0.36\webapps\Spring-solr
11-Oct-2016 15:34:30.394 INFO [localhost-startStop-1] org.apache.jasper.servlet.TldScanner.scanJars At least one JAR was scanned for TLDs yet contained no TLDs. Enable debug logging for this logger for a complete list of JARs that were scanned but no TLDs were found in them. Skipping unneeded JARs during scanning can improve startup time and JSP compilation time.
11-Oct-2016 15:34:31.234 INFO [localhost-startStop-1] org.apache.catalina.startup.HostConfig.deployDirectory Deployment of web application directory D:\apache-tomcat-8.0.36\webapps\Spring-solr has finished in 1,799 ms
11-Oct-2016 15:34:31.236 INFO [main] org.apache.coyote.AbstractProtocol.start Starting ProtocolHandler ["http-nio-8080"]
11-Oct-2016 15:34:31.241 INFO [main] org.apache.coyote.AbstractProtocol.start Starting ProtocolHandler ["ajp-nio-8009"]
11-Oct-2016 15:34:31.243 INFO [main] org.apache.catalina.startup.Catalina.start Server startup in 6027 ms
11-Oct-2016 15:43:31.138 INFO [Thread-13] org.apache.coyote.AbstractProtocol.pause Pausing ProtocolHandler ["http-nio-8080"]
11-Oct-2016 15:43:31.191 INFO [Thread-13] org.apache.coyote.AbstractProtocol.pause Pausing ProtocolHandler ["ajp-nio-8009"]
11-Oct-2016 15:43:31.242 INFO [Thread-13] org.apache.catalina.core.StandardService.stopInternal Stopping service Catalina
11-Oct-2016 15:43:31.290 SEVERE [localhost-startStop-2] org.apache.catalina.loader.WebappClassLoaderBase.checkThreadLocalMapForLeaks The web application [solr] created a ThreadLocal with key of type [org.apache.solr.util.DateFormatUtil.ThreadLocalDateFormat] (value [org.apache.solr.util.DateFormatUtil$ThreadLocalDateFormat@78beda18]) and a value of type [org.apache.solr.util.DateFormatUtil.ISO8601CanonicalDateFormat] (value [org.apache.solr.util.DateFormatUtil$ISO8601CanonicalDateFormat@6b2ed43a]) but failed to remove it when the web application was stopped. Threads are going to be renewed over time to try and avoid a probable memory leak.
11-Oct-2016 15:43:31.290 SEVERE [localhost-startStop-2] org.apache.catalina.loader.WebappClassLoaderBase.checkThreadLocalMapForLeaks The web application [solr] created a ThreadLocal with key of type [org.apache.solr.util.DateFormatUtil.ThreadLocalDateFormat] (value [org.apache.solr.util.DateFormatUtil$ThreadLocalDateFormat@78beda18]) and a value of type [org.apache.solr.util.DateFormatUtil.ISO8601CanonicalDateFormat] (value [org.apache.solr.util.DateFormatUtil$ISO8601CanonicalDateFormat@6b2ed43a]) but failed to remove it when the web application was stopped. Threads are going to be renewed over time to try and avoid a probable memory leak.
11-Oct-2016 15:43:31.291 SEVERE [localhost-startStop-2] org.apache.catalina.loader.WebappClassLoaderBase.checkThreadLocalMapForLeaks The web application [solr] created a ThreadLocal with key of type [org.apache.solr.util.DateFormatUtil.ThreadLocalDateFormat] (value [org.apache.solr.util.DateFormatUtil$ThreadLocalDateFormat@78beda18]) and a value of type [org.apache.solr.util.DateFormatUtil.ISO8601CanonicalDateFormat] (value [org.apache.solr.util.DateFormatUtil$ISO8601CanonicalDateFormat@6b2ed43a]) but failed to remove it when the web application was stopped. Threads are going to be renewed over time to try and avoid a probable memory leak.
11-Oct-2016 15:43:31.291 SEVERE [localhost-startStop-2] org.apache.catalina.loader.WebappClassLoaderBase.checkThreadLocalMapForLeaks The web application [solr] created a ThreadLocal with key of type [org.apache.solr.util.DateFormatUtil.ThreadLocalDateFormat] (value [org.apache.solr.util.DateFormatUtil$ThreadLocalDateFormat@78beda18]) and a value of type [org.apache.solr.util.DateFormatUtil.ISO8601CanonicalDateFormat] (value [org.apache.solr.util.DateFormatUtil$ISO8601CanonicalDateFormat@6b2ed43a]) but failed to remove it when the web application was stopped. Threads are going to be renewed over time to try and avoid a probable memory leak.
11-Oct-2016 15:43:31.291 SEVERE [localhost-startStop-2] org.apache.catalina.loader.WebappClassLoaderBase.checkThreadLocalMapForLeaks The web application [solr] created a ThreadLocal with key of type [org.apache.solr.util.DateFormatUtil.ThreadLocalDateFormat] (value [org.apache.solr.util.DateFormatUtil$ThreadLocalDateFormat@78beda18]) and a value of type [org.apache.solr.util.DateFormatUtil.ISO8601CanonicalDateFormat] (value [org.apache.solr.util.DateFormatUtil$ISO8601CanonicalDateFormat@6b2ed43a]) but failed to remove it when the web application was stopped. Threads are going to be renewed over time to try and avoid a probable memory leak.
11-Oct-2016 15:43:31.294 SEVERE [localhost-startStop-2] org.apache.catalina.loader.WebappClassLoaderBase.checkThreadLocalMapForLeaks The web application [solr] created a ThreadLocal with key of type [org.apache.solr.util.DateFormatUtil.ThreadLocalDateFormat] (value [org.apache.solr.util.DateFormatUtil$ThreadLocalDateFormat@78beda18]) and a value of type [org.apache.solr.util.DateFormatUtil.ISO8601CanonicalDateFormat] (value [org.apache.solr.util.DateFormatUtil$ISO8601CanonicalDateFormat@6b2ed43a]) but failed to remove it when the web application was stopped. Threads are going to be renewed over time to try and avoid a probable memory leak.
11-Oct-2016 15:43:31.294 SEVERE [localhost-startStop-2] org.apache.catalina.loader.WebappClassLoaderBase.checkThreadLocalMapForLeaks The web application [solr] created a ThreadLocal with key of type [org.apache.solr.util.DateFormatUtil.ThreadLocalDateFormat] (value [org.apache.solr.util.DateFormatUtil$ThreadLocalDateFormat@78beda18]) and a value of type [org.apache.solr.util.DateFormatUtil.ISO8601CanonicalDateFormat] (value [org.apache.solr.util.DateFormatUtil$ISO8601CanonicalDateFormat@6b2ed43a]) but failed to remove it when the web application was stopped. Threads are going to be renewed over time to try and avoid a probable memory leak.
11-Oct-2016 15:43:31.295 SEVERE [localhost-startStop-2] org.apache.catalina.loader.WebappClassLoaderBase.checkThreadLocalMapForLeaks The web application [solr] created a ThreadLocal with key of type [org.apache.solr.util.DateFormatUtil.ThreadLocalDateFormat] (value [org.apache.solr.util.DateFormatUtil$ThreadLocalDateFormat@78beda18]) and a value of type [org.apache.solr.util.DateFormatUtil.ISO8601CanonicalDateFormat] (value [org.apache.solr.util.DateFormatUtil$ISO8601CanonicalDateFormat@6b2ed43a]) but failed to remove it when the web application was stopped. Threads are going to be renewed over time to try and avoid a probable memory leak.
11-Oct-2016 15:43:31.296 SEVERE [localhost-startStop-2] org.apache.catalina.loader.WebappClassLoaderBase.checkThreadLocalMapForLeaks The web application [solr] created a ThreadLocal with key of type [org.apache.solr.util.DateFormatUtil.ThreadLocalDateFormat] (value [org.apache.solr.util.DateFormatUtil$ThreadLocalDateFormat@78beda18]) and a value of type [org.apache.solr.util.DateFormatUtil.ISO8601CanonicalDateFormat] (value [org.apache.solr.util.DateFormatUtil$ISO8601CanonicalDateFormat@6b2ed43a]) but failed to remove it when the web application was stopped. Threads are going to be renewed over time to try and avoid a probable memory leak.
11-Oct-2016 15:43:31.298 SEVERE [localhost-startStop-2] org.apache.catalina.loader.WebappClassLoaderBase.checkThreadLocalMapForLeaks The web application [solr] created a ThreadLocal with key of type [org.apache.solr.util.DateFormatUtil.ThreadLocalDateFormat] (value [org.apache.solr.util.DateFormatUtil$ThreadLocalDateFormat@78beda18]) and a value of type [org.apache.solr.util.DateFormatUtil.ISO8601CanonicalDateFormat] (value [org.apache.solr.util.DateFormatUtil$ISO8601CanonicalDateFormat@6b2ed43a]) but failed to remove it when the web application was stopped. Threads are going to be renewed over time to try and avoid a probable memory leak.
11-Oct-2016 15:43:31.302 INFO [Thread-13] org.apache.coyote.AbstractProtocol.stop Stopping ProtocolHandler ["http-nio-8080"]
11-Oct-2016 15:43:31.304 INFO [Thread-13] org.apache.coyote.AbstractProtocol.stop Stopping ProtocolHandler ["ajp-nio-8009"]
11-Oct-2016 15:43:31.367 INFO [Thread-13] org.apache.coyote.AbstractProtocol.destroy Destroying ProtocolHandler ["http-nio-8080"]
11-Oct-2016 15:43:31.368 INFO [Thread-13] org.apache.coyote.AbstractProtocol.destroy Destroying ProtocolHandler ["ajp-nio-8009"]
11-Oct-2016 15:43:41.473 INFO [main] org.apache.catalina.startup.VersionLoggerListener.log Server version:        Apache Tomcat/8.0.36
11-Oct-2016 15:43:41.473 INFO [main] org.apache.catalina.startup.VersionLoggerListener.log Server built:          Jun 9 2016 13:55:50 UTC
11-Oct-2016 15:43:41.473 INFO [main] org.apache.catalina.startup.VersionLoggerListener.log Server number:         8.0.36.0
11-Oct-2016 15:43:41.473 INFO [main] org.apache.catalina.startup.VersionLoggerListener.log OS Name:               Windows 7
11-Oct-2016 15:43:41.473 INFO [main] org.apache.catalina.startup.VersionLoggerListener.log OS Version:            6.1
11-Oct-2016 15:43:41.473 INFO [main] org.apache.catalina.startup.VersionLoggerListener.log Architecture:          amd64
11-Oct-2016 15:43:41.473 INFO [main] org.apache.catalina.startup.VersionLoggerListener.log Java Home:             C:\Program Files\Java\jdk1.8.0_91\jre
11-Oct-2016 15:43:41.473 INFO [main] org.apache.catalina.startup.VersionLoggerListener.log JVM Version:           1.8.0_91-b15
11-Oct-2016 15:43:41.473 INFO [main] org.apache.catalina.startup.VersionLoggerListener.log JVM Vendor:            Oracle Corporation
11-Oct-2016 15:43:41.473 INFO [main] org.apache.catalina.startup.VersionLoggerListener.log CATALINA_BASE:         D:\apache-tomcat-8.0.36
11-Oct-2016 15:43:41.473 INFO [main] org.apache.catalina.startup.VersionLoggerListener.log CATALINA_HOME:         D:\apache-tomcat-8.0.36
11-Oct-2016 15:43:41.473 INFO [main] org.apache.catalina.startup.VersionLoggerListener.log Command line argument: -Djdk.tls.ephemeralDHKeySize=2048
11-Oct-2016 15:43:41.473 INFO [main] org.apache.catalina.startup.VersionLoggerListener.log Command line argument: -Djava.util.logging.config.file=D:\apache-tomcat-8.0.36\conf\logging.properties
11-Oct-2016 15:43:41.473 INFO [main] org.apache.catalina.startup.VersionLoggerListener.log Command line argument: -Djava.util.logging.manager=org.apache.juli.ClassLoaderLogManager
11-Oct-2016 15:43:41.473 INFO [main] org.apache.catalina.startup.VersionLoggerListener.log Command line argument: -Djava.endorsed.dirs=D:\apache-tomcat-8.0.36\endorsed
11-Oct-2016 15:43:41.473 INFO [main] org.apache.catalina.startup.VersionLoggerListener.log Command line argument: -Dcatalina.base=D:\apache-tomcat-8.0.36
11-Oct-2016 15:43:41.473 INFO [main] org.apache.catalina.startup.VersionLoggerListener.log Command line argument: -Dcatalina.home=D:\apache-tomcat-8.0.36
11-Oct-2016 15:43:41.473 INFO [main] org.apache.catalina.startup.VersionLoggerListener.log Command line argument: -Djava.io.tmpdir=D:\apache-tomcat-8.0.36\temp
11-Oct-2016 15:43:41.473 INFO [main] org.apache.catalina.core.AprLifecycleListener.lifecycleEvent The APR based Apache Tomcat Native library which allows optimal performance in production environments was not found on the java.library.path: C:\Program Files\Java\jdk1.8.0_91\bin;C:\Windows\Sun\Java\bin;C:\Windows\system32;C:\Windows;C:\ProgramData\Oracle\Java\javapath;C:\Windows\system32;C:\Windows;C:\Windows\System32\Wbem;C:\Windows\System32\WindowsPowerShell\v1.0\;C:\Program Files\TortoiseSVN\bin;C:\Program Files\Java\jdk1.8.0_91\bin;C:\Program Files\Java\jdk1.8.0_91\jre\bin ;C:\Program Files (x86)\MySQL\MySQL Fabric 1.5 & MySQL Utilities 1.5\;C:\Program Files (x86)\MySQL\MySQL Fabric 1.5 & MySQL Utilities 1.5\Doctrine extensions for PHP\;D:\apache-maven-3.3.9\bin;D:\python2.7;C:\Users\Administrator\Desktop\xmlbeans-2.6.0\bin;.
11-Oct-2016 15:43:41.543 INFO [main] org.apache.coyote.AbstractProtocol.init Initializing ProtocolHandler ["http-nio-8080"]
11-Oct-2016 15:43:41.583 INFO [main] org.apache.tomcat.util.net.NioSelectorPool.getSharedSelector Using a shared selector for servlet write/read
11-Oct-2016 15:43:41.583 INFO [main] org.apache.coyote.AbstractProtocol.init Initializing ProtocolHandler ["ajp-nio-8009"]
11-Oct-2016 15:43:41.593 INFO [main] org.apache.tomcat.util.net.NioSelectorPool.getSharedSelector Using a shared selector for servlet write/read
11-Oct-2016 15:43:41.593 INFO [main] org.apache.catalina.startup.Catalina.load Initialization processed in 314 ms
11-Oct-2016 15:43:41.603 INFO [main] org.apache.catalina.core.StandardService.startInternal Starting service Catalina
11-Oct-2016 15:43:41.603 INFO [main] org.apache.catalina.core.StandardEngine.startInternal Starting Servlet Engine: Apache Tomcat/8.0.36
11-Oct-2016 15:43:41.603 INFO [localhost-startStop-1] org.apache.catalina.startup.HostConfig.deployDirectory Deploying web application directory D:\apache-tomcat-8.0.36\webapps\docs
11-Oct-2016 15:43:41.793 INFO [localhost-startStop-1] org.apache.catalina.startup.HostConfig.deployDirectory Deployment of web application directory D:\apache-tomcat-8.0.36\webapps\docs has finished in 190 ms
11-Oct-2016 15:43:41.793 INFO [localhost-startStop-1] org.apache.catalina.startup.HostConfig.deployDirectory Deploying web application directory D:\apache-tomcat-8.0.36\webapps\examples
11-Oct-2016 15:43:41.953 INFO [localhost-startStop-1] org.apache.catalina.startup.HostConfig.deployDirectory Deployment of web application directory D:\apache-tomcat-8.0.36\webapps\examples has finished in 160 ms
11-Oct-2016 15:43:41.953 INFO [localhost-startStop-1] org.apache.catalina.startup.HostConfig.deployDirectory Deploying web application directory D:\apache-tomcat-8.0.36\webapps\host-manager
11-Oct-2016 15:43:41.963 INFO [localhost-startStop-1] org.apache.catalina.startup.HostConfig.deployDirectory Deployment of web application directory D:\apache-tomcat-8.0.36\webapps\host-manager has finished in 10 ms
11-Oct-2016 15:43:41.963 INFO [localhost-startStop-1] org.apache.catalina.startup.HostConfig.deployDirectory Deploying web application directory D:\apache-tomcat-8.0.36\webapps\manager
11-Oct-2016 15:43:41.983 INFO [localhost-startStop-1] org.apache.catalina.startup.HostConfig.deployDirectory Deployment of web application directory D:\apache-tomcat-8.0.36\webapps\manager has finished in 20 ms
11-Oct-2016 15:43:41.983 INFO [localhost-startStop-1] org.apache.catalina.startup.HostConfig.deployDirectory Deploying web application directory D:\apache-tomcat-8.0.36\webapps\ROOT
11-Oct-2016 15:43:41.993 INFO [localhost-startStop-1] org.apache.catalina.startup.HostConfig.deployDirectory Deployment of web application directory D:\apache-tomcat-8.0.36\webapps\ROOT has finished in 10 ms
11-Oct-2016 15:43:41.993 INFO [localhost-startStop-1] org.apache.catalina.startup.HostConfig.deployDirectory Deploying web application directory D:\apache-tomcat-8.0.36\webapps\solr
11-Oct-2016 15:43:45.453 INFO [localhost-startStop-1] org.apache.jasper.servlet.TldScanner.scanJars At least one JAR was scanned for TLDs yet contained no TLDs. Enable debug logging for this logger for a complete list of JARs that were scanned but no TLDs were found in them. Skipping unneeded JARs during scanning can improve startup time and JSP compilation time.
11-Oct-2016 15:43:45.883 INFO [localhost-startStop-1] org.apache.catalina.startup.HostConfig.deployDirectory Deployment of web application directory D:\apache-tomcat-8.0.36\webapps\solr has finished in 3,890 ms
11-Oct-2016 15:43:45.883 INFO [localhost-startStop-1] org.apache.catalina.startup.HostConfig.deployDirectory Deploying web application directory D:\apache-tomcat-8.0.36\webapps\Spring-solr
11-Oct-2016 15:43:46.933 INFO [localhost-startStop-1] org.apache.jasper.servlet.TldScanner.scanJars At least one JAR was scanned for TLDs yet contained no TLDs. Enable debug logging for this logger for a complete list of JARs that were scanned but no TLDs were found in them. Skipping unneeded JARs during scanning can improve startup time and JSP compilation time.
11-Oct-2016 15:43:47.553 INFO [localhost-startStop-1] org.apache.catalina.startup.HostConfig.deployDirectory Deployment of web application directory D:\apache-tomcat-8.0.36\webapps\Spring-solr has finished in 1,670 ms
11-Oct-2016 15:43:47.553 INFO [main] org.apache.coyote.AbstractProtocol.start Starting ProtocolHandler ["http-nio-8080"]
11-Oct-2016 15:43:47.553 INFO [main] org.apache.coyote.AbstractProtocol.start Starting ProtocolHandler ["ajp-nio-8009"]
11-Oct-2016 15:43:47.563 INFO [main] org.apache.catalina.startup.Catalina.start Server startup in 5967 ms
11-Oct-2016 15:49:13.813 INFO [Thread-13] org.apache.coyote.AbstractProtocol.pause Pausing ProtocolHandler ["http-nio-8080"]
11-Oct-2016 15:49:13.863 INFO [Thread-13] org.apache.coyote.AbstractProtocol.pause Pausing ProtocolHandler ["ajp-nio-8009"]
11-Oct-2016 15:49:13.913 INFO [Thread-13] org.apache.catalina.core.StandardService.stopInternal Stopping service Catalina
11-Oct-2016 15:49:13.963 SEVERE [localhost-startStop-2] org.apache.catalina.loader.WebappClassLoaderBase.checkThreadLocalMapForLeaks The web application [solr] created a ThreadLocal with key of type [org.apache.solr.util.DateFormatUtil.ThreadLocalDateFormat] (value [org.apache.solr.util.DateFormatUtil$ThreadLocalDateFormat@15eeefda]) and a value of type [org.apache.solr.util.DateFormatUtil.ISO8601CanonicalDateFormat] (value [org.apache.solr.util.DateFormatUtil$ISO8601CanonicalDateFormat@6b2ed43a]) but failed to remove it when the web application was stopped. Threads are going to be renewed over time to try and avoid a probable memory leak.
11-Oct-2016 15:49:13.963 SEVERE [localhost-startStop-2] org.apache.catalina.loader.WebappClassLoaderBase.checkThreadLocalMapForLeaks The web application [solr] created a ThreadLocal with key of type [org.apache.solr.util.DateFormatUtil.ThreadLocalDateFormat] (value [org.apache.solr.util.DateFormatUtil$ThreadLocalDateFormat@15eeefda]) and a value of type [org.apache.solr.util.DateFormatUtil.ISO8601CanonicalDateFormat] (value [org.apache.solr.util.DateFormatUtil$ISO8601CanonicalDateFormat@6b2ed43a]) but failed to remove it when the web application was stopped. Threads are going to be renewed over time to try and avoid a probable memory leak.
11-Oct-2016 15:49:13.963 SEVERE [localhost-startStop-2] org.apache.catalina.loader.WebappClassLoaderBase.checkThreadLocalMapForLeaks The web application [solr] created a ThreadLocal with key of type [org.apache.solr.util.DateFormatUtil.ThreadLocalDateFormat] (value [org.apache.solr.util.DateFormatUtil$ThreadLocalDateFormat@15eeefda]) and a value of type [org.apache.solr.util.DateFormatUtil.ISO8601CanonicalDateFormat] (value [org.apache.solr.util.DateFormatUtil$ISO8601CanonicalDateFormat@6b2ed43a]) but failed to remove it when the web application was stopped. Threads are going to be renewed over time to try and avoid a probable memory leak.
11-Oct-2016 15:49:13.963 SEVERE [localhost-startStop-2] org.apache.catalina.loader.WebappClassLoaderBase.checkThreadLocalMapForLeaks The web application [solr] created a ThreadLocal with key of type [org.apache.solr.util.DateFormatUtil.ThreadLocalDateFormat] (value [org.apache.solr.util.DateFormatUtil$ThreadLocalDateFormat@15eeefda]) and a value of type [org.apache.solr.util.DateFormatUtil.ISO8601CanonicalDateFormat] (value [org.apache.solr.util.DateFormatUtil$ISO8601CanonicalDateFormat@6b2ed43a]) but failed to remove it when the web application was stopped. Threads are going to be renewed over time to try and avoid a probable memory leak.
11-Oct-2016 15:49:13.963 SEVERE [localhost-startStop-2] org.apache.catalina.loader.WebappClassLoaderBase.checkThreadLocalMapForLeaks The web application [solr] created a ThreadLocal with key of type [org.apache.solr.util.DateFormatUtil.ThreadLocalDateFormat] (value [org.apache.solr.util.DateFormatUtil$ThreadLocalDateFormat@15eeefda]) and a value of type [org.apache.solr.util.DateFormatUtil.ISO8601CanonicalDateFormat] (value [org.apache.solr.util.DateFormatUtil$ISO8601CanonicalDateFormat@6b2ed43a]) but failed to remove it when the web application was stopped. Threads are going to be renewed over time to try and avoid a probable memory leak.
11-Oct-2016 15:49:13.963 SEVERE [localhost-startStop-2] org.apache.catalina.loader.WebappClassLoaderBase.checkThreadLocalMapForLeaks The web application [solr] created a ThreadLocal with key of type [org.apache.solr.util.DateFormatUtil.ThreadLocalDateFormat] (value [org.apache.solr.util.DateFormatUtil$ThreadLocalDateFormat@15eeefda]) and a value of type [org.apache.solr.util.DateFormatUtil.ISO8601CanonicalDateFormat] (value [org.apache.solr.util.DateFormatUtil$ISO8601CanonicalDateFormat@6b2ed43a]) but failed to remove it when the web application was stopped. Threads are going to be renewed over time to try and avoid a probable memory leak.
11-Oct-2016 15:49:13.963 SEVERE [localhost-startStop-2] org.apache.catalina.loader.WebappClassLoaderBase.checkThreadLocalMapForLeaks The web application [solr] created a ThreadLocal with key of type [org.apache.solr.util.DateFormatUtil.ThreadLocalDateFormat] (value [org.apache.solr.util.DateFormatUtil$ThreadLocalDateFormat@15eeefda]) and a value of type [org.apache.solr.util.DateFormatUtil.ISO8601CanonicalDateFormat] (value [org.apache.solr.util.DateFormatUtil$ISO8601CanonicalDateFormat@6b2ed43a]) but failed to remove it when the web application was stopped. Threads are going to be renewed over time to try and avoid a probable memory leak.
11-Oct-2016 15:49:13.973 INFO [Thread-13] org.apache.coyote.AbstractProtocol.stop Stopping ProtocolHandler ["http-nio-8080"]
11-Oct-2016 15:49:13.973 INFO [Thread-13] org.apache.coyote.AbstractProtocol.stop Stopping ProtocolHandler ["ajp-nio-8009"]
11-Oct-2016 15:49:14.073 INFO [Thread-13] org.apache.coyote.AbstractProtocol.destroy Destroying ProtocolHandler ["http-nio-8080"]
11-Oct-2016 15:49:14.073 INFO [Thread-13] org.apache.coyote.AbstractProtocol.destroy Destroying ProtocolHandler ["ajp-nio-8009"]
11-Oct-2016 15:49:22.252 INFO [main] org.apache.catalina.startup.VersionLoggerListener.log Server version:        Apache Tomcat/8.0.36
11-Oct-2016 15:49:22.252 INFO [main] org.apache.catalina.startup.VersionLoggerListener.log Server built:          Jun 9 2016 13:55:50 UTC
11-Oct-2016 15:49:22.252 INFO [main] org.apache.catalina.startup.VersionLoggerListener.log Server number:         8.0.36.0
11-Oct-2016 15:49:22.252 INFO [main] org.apache.catalina.startup.VersionLoggerListener.log OS Name:               Windows 7
11-Oct-2016 15:49:22.252 INFO [main] org.apache.catalina.startup.VersionLoggerListener.log OS Version:            6.1
11-Oct-2016 15:49:22.252 INFO [main] org.apache.catalina.startup.VersionLoggerListener.log Architecture:          amd64
11-Oct-2016 15:49:22.252 INFO [main] org.apache.catalina.startup.VersionLoggerListener.log Java Home:             C:\Program Files\Java\jdk1.8.0_91\jre
11-Oct-2016 15:49:22.252 INFO [main] org.apache.catalina.startup.VersionLoggerListener.log JVM Version:           1.8.0_91-b15
11-Oct-2016 15:49:22.252 INFO [main] org.apache.catalina.startup.VersionLoggerListener.log JVM Vendor:            Oracle Corporation
11-Oct-2016 15:49:22.252 INFO [main] org.apache.catalina.startup.VersionLoggerListener.log CATALINA_BASE:         D:\apache-tomcat-8.0.36
11-Oct-2016 15:49:22.252 INFO [main] org.apache.catalina.startup.VersionLoggerListener.log CATALINA_HOME:         D:\apache-tomcat-8.0.36
11-Oct-2016 15:49:22.262 INFO [main] org.apache.catalina.startup.VersionLoggerListener.log Command line argument: -Djdk.tls.ephemeralDHKeySize=2048
11-Oct-2016 15:49:22.262 INFO [main] org.apache.catalina.startup.VersionLoggerListener.log Command line argument: -Djava.util.logging.config.file=D:\apache-tomcat-8.0.36\conf\logging.properties
11-Oct-2016 15:49:22.262 INFO [main] org.apache.catalina.startup.VersionLoggerListener.log Command line argument: -Djava.util.logging.manager=org.apache.juli.ClassLoaderLogManager
11-Oct-2016 15:49:22.262 INFO [main] org.apache.catalina.startup.VersionLoggerListener.log Command line argument: -Djava.endorsed.dirs=D:\apache-tomcat-8.0.36\endorsed
11-Oct-2016 15:49:22.262 INFO [main] org.apache.catalina.startup.VersionLoggerListener.log Command line argument: -Dcatalina.base=D:\apache-tomcat-8.0.36
11-Oct-2016 15:49:22.262 INFO [main] org.apache.catalina.startup.VersionLoggerListener.log Command line argument: -Dcatalina.home=D:\apache-tomcat-8.0.36
11-Oct-2016 15:49:22.262 INFO [main] org.apache.catalina.startup.VersionLoggerListener.log Command line argument: -Djava.io.tmpdir=D:\apache-tomcat-8.0.36\temp
11-Oct-2016 15:49:22.262 INFO [main] org.apache.catalina.core.AprLifecycleListener.lifecycleEvent The APR based Apache Tomcat Native library which allows optimal performance in production environments was not found on the java.library.path: C:\Program Files\Java\jdk1.8.0_91\bin;C:\Windows\Sun\Java\bin;C:\Windows\system32;C:\Windows;C:\ProgramData\Oracle\Java\javapath;C:\Windows\system32;C:\Windows;C:\Windows\System32\Wbem;C:\Windows\System32\WindowsPowerShell\v1.0\;C:\Program Files\TortoiseSVN\bin;C:\Program Files\Java\jdk1.8.0_91\bin;C:\Program Files\Java\jdk1.8.0_91\jre\bin ;C:\Program Files (x86)\MySQL\MySQL Fabric 1.5 & MySQL Utilities 1.5\;C:\Program Files (x86)\MySQL\MySQL Fabric 1.5 & MySQL Utilities 1.5\Doctrine extensions for PHP\;D:\apache-maven-3.3.9\bin;D:\python2.7;C:\Users\Administrator\Desktop\xmlbeans-2.6.0\bin;.
11-Oct-2016 15:49:22.332 INFO [main] org.apache.coyote.AbstractProtocol.init Initializing ProtocolHandler ["http-nio-8080"]
11-Oct-2016 15:49:22.372 INFO [main] org.apache.tomcat.util.net.NioSelectorPool.getSharedSelector Using a shared selector for servlet write/read
11-Oct-2016 15:49:22.372 INFO [main] org.apache.coyote.AbstractProtocol.init Initializing ProtocolHandler ["ajp-nio-8009"]
11-Oct-2016 15:49:22.372 INFO [main] org.apache.tomcat.util.net.NioSelectorPool.getSharedSelector Using a shared selector for servlet write/read
11-Oct-2016 15:49:22.372 INFO [main] org.apache.catalina.startup.Catalina.load Initialization processed in 306 ms
11-Oct-2016 15:49:22.392 INFO [main] org.apache.catalina.core.StandardService.startInternal Starting service Catalina
11-Oct-2016 15:49:22.392 INFO [main] org.apache.catalina.core.StandardEngine.startInternal Starting Servlet Engine: Apache Tomcat/8.0.36
11-Oct-2016 15:49:22.392 INFO [localhost-startStop-1] org.apache.catalina.startup.HostConfig.deployDirectory Deploying web application directory D:\apache-tomcat-8.0.36\webapps\docs
11-Oct-2016 15:49:22.582 INFO [localhost-startStop-1] org.apache.catalina.startup.HostConfig.deployDirectory Deployment of web application directory D:\apache-tomcat-8.0.36\webapps\docs has finished in 190 ms
11-Oct-2016 15:49:22.582 INFO [localhost-startStop-1] org.apache.catalina.startup.HostConfig.deployDirectory Deploying web application directory D:\apache-tomcat-8.0.36\webapps\examples
11-Oct-2016 15:49:22.732 INFO [localhost-startStop-1] org.apache.catalina.startup.HostConfig.deployDirectory Deployment of web application directory D:\apache-tomcat-8.0.36\webapps\examples has finished in 150 ms
11-Oct-2016 15:49:22.732 INFO [localhost-startStop-1] org.apache.catalina.startup.HostConfig.deployDirectory Deploying web application directory D:\apache-tomcat-8.0.36\webapps\host-manager
11-Oct-2016 15:49:22.742 INFO [localhost-startStop-1] org.apache.catalina.startup.HostConfig.deployDirectory Deployment of web application directory D:\apache-tomcat-8.0.36\webapps\host-manager has finished in 10 ms
11-Oct-2016 15:49:22.742 INFO [localhost-startStop-1] org.apache.catalina.startup.HostConfig.deployDirectory Deploying web application directory D:\apache-tomcat-8.0.36\webapps\manager
11-Oct-2016 15:49:22.752 INFO [localhost-startStop-1] org.apache.catalina.startup.HostConfig.deployDirectory Deployment of web application directory D:\apache-tomcat-8.0.36\webapps\manager has finished in 10 ms
11-Oct-2016 15:49:22.752 INFO [localhost-startStop-1] org.apache.catalina.startup.HostConfig.deployDirectory Deploying web application directory D:\apache-tomcat-8.0.36\webapps\ROOT
11-Oct-2016 15:49:22.762 INFO [localhost-startStop-1] org.apache.catalina.startup.HostConfig.deployDirectory Deployment of web application directory D:\apache-tomcat-8.0.36\webapps\ROOT has finished in 10 ms
11-Oct-2016 15:49:22.762 INFO [localhost-startStop-1] org.apache.catalina.startup.HostConfig.deployDirectory Deploying web application directory D:\apache-tomcat-8.0.36\webapps\solr
11-Oct-2016 15:49:26.115 INFO [localhost-startStop-1] org.apache.jasper.servlet.TldScanner.scanJars At least one JAR was scanned for TLDs yet contained no TLDs. Enable debug logging for this logger for a complete list of JARs that were scanned but no TLDs were found in them. Skipping unneeded JARs during scanning can improve startup time and JSP compilation time.
11-Oct-2016 15:49:26.525 INFO [localhost-startStop-1] org.apache.catalina.startup.HostConfig.deployDirectory Deployment of web application directory D:\apache-tomcat-8.0.36\webapps\solr has finished in 3,763 ms
11-Oct-2016 15:49:26.525 INFO [localhost-startStop-1] org.apache.catalina.startup.HostConfig.deployDirectory Deploying web application directory D:\apache-tomcat-8.0.36\webapps\Spring-solr
11-Oct-2016 15:49:27.565 INFO [localhost-startStop-1] org.apache.jasper.servlet.TldScanner.scanJars At least one JAR was scanned for TLDs yet contained no TLDs. Enable debug logging for this logger for a complete list of JARs that were scanned but no TLDs were found in them. Skipping unneeded JARs during scanning can improve startup time and JSP compilation time.
11-Oct-2016 15:49:28.185 INFO [localhost-startStop-1] org.apache.catalina.startup.HostConfig.deployDirectory Deployment of web application directory D:\apache-tomcat-8.0.36\webapps\Spring-solr has finished in 1,660 ms
11-Oct-2016 15:49:28.195 INFO [main] org.apache.coyote.AbstractProtocol.start Starting ProtocolHandler ["http-nio-8080"]
11-Oct-2016 15:49:28.195 INFO [main] org.apache.coyote.AbstractProtocol.start Starting ProtocolHandler ["ajp-nio-8009"]
11-Oct-2016 15:49:28.195 INFO [main] org.apache.catalina.startup.Catalina.start Server startup in 5822 ms
11-Oct-2016 15:50:40.366 INFO [Thread-13] org.apache.coyote.AbstractProtocol.pause Pausing ProtocolHandler ["http-nio-8080"]
11-Oct-2016 15:50:40.416 INFO [Thread-13] org.apache.coyote.AbstractProtocol.pause Pausing ProtocolHandler ["ajp-nio-8009"]
11-Oct-2016 15:50:40.466 INFO [Thread-13] org.apache.catalina.core.StandardService.stopInternal Stopping service Catalina
11-Oct-2016 15:50:40.506 SEVERE [localhost-startStop-2] org.apache.catalina.loader.WebappClassLoaderBase.checkThreadLocalMapForLeaks The web application [solr] created a ThreadLocal with key of type [org.apache.solr.util.DateFormatUtil.ThreadLocalDateFormat] (value [org.apache.solr.util.DateFormatUtil$ThreadLocalDateFormat@cb2babc]) and a value of type [org.apache.solr.util.DateFormatUtil.ISO8601CanonicalDateFormat] (value [org.apache.solr.util.DateFormatUtil$ISO8601CanonicalDateFormat@6b2ed43a]) but failed to remove it when the web application was stopped. Threads are going to be renewed over time to try and avoid a probable memory leak.
11-Oct-2016 15:50:40.506 SEVERE [localhost-startStop-2] org.apache.catalina.loader.WebappClassLoaderBase.checkThreadLocalMapForLeaks The web application [solr] created a ThreadLocal with key of type [org.apache.solr.util.DateFormatUtil.ThreadLocalDateFormat] (value [org.apache.solr.util.DateFormatUtil$ThreadLocalDateFormat@cb2babc]) and a value of type [org.apache.solr.util.DateFormatUtil.ISO8601CanonicalDateFormat] (value [org.apache.solr.util.DateFormatUtil$ISO8601CanonicalDateFormat@6b2ed43a]) but failed to remove it when the web application was stopped. Threads are going to be renewed over time to try and avoid a probable memory leak.
11-Oct-2016 15:50:40.506 SEVERE [localhost-startStop-2] org.apache.catalina.loader.WebappClassLoaderBase.checkThreadLocalMapForLeaks The web application [solr] created a ThreadLocal with key of type [org.apache.solr.util.DateFormatUtil.ThreadLocalDateFormat] (value [org.apache.solr.util.DateFormatUtil$ThreadLocalDateFormat@cb2babc]) and a value of type [org.apache.solr.util.DateFormatUtil.ISO8601CanonicalDateFormat] (value [org.apache.solr.util.DateFormatUtil$ISO8601CanonicalDateFormat@6b2ed43a]) but failed to remove it when the web application was stopped. Threads are going to be renewed over time to try and avoid a probable memory leak.
11-Oct-2016 15:50:40.506 SEVERE [localhost-startStop-2] org.apache.catalina.loader.WebappClassLoaderBase.checkThreadLocalMapForLeaks The web application [solr] created a ThreadLocal with key of type [org.apache.solr.util.DateFormatUtil.ThreadLocalDateFormat] (value [org.apache.solr.util.DateFormatUtil$ThreadLocalDateFormat@cb2babc]) and a value of type [org.apache.solr.util.DateFormatUtil.ISO8601CanonicalDateFormat] (value [org.apache.solr.util.DateFormatUtil$ISO8601CanonicalDateFormat@6b2ed43a]) but failed to remove it when the web application was stopped. Threads are going to be renewed over time to try and avoid a probable memory leak.
11-Oct-2016 15:50:40.516 INFO [Thread-13] org.apache.coyote.AbstractProtocol.stop Stopping ProtocolHandler ["http-nio-8080"]
11-Oct-2016 15:50:40.576 INFO [Thread-13] org.apache.coyote.AbstractProtocol.stop Stopping ProtocolHandler ["ajp-nio-8009"]
11-Oct-2016 15:50:40.576 INFO [Thread-13] org.apache.coyote.AbstractProtocol.destroy Destroying ProtocolHandler ["http-nio-8080"]
11-Oct-2016 15:50:40.576 INFO [Thread-13] org.apache.coyote.AbstractProtocol.destroy Destroying ProtocolHandler ["ajp-nio-8009"]
11-Oct-2016 15:50:45.417 INFO [main] org.apache.catalina.startup.VersionLoggerListener.log Server version:        Apache Tomcat/8.0.36
11-Oct-2016 15:50:45.417 INFO [main] org.apache.catalina.startup.VersionLoggerListener.log Server built:          Jun 9 2016 13:55:50 UTC
11-Oct-2016 15:50:45.417 INFO [main] org.apache.catalina.startup.VersionLoggerListener.log Server number:         8.0.36.0
11-Oct-2016 15:50:45.417 INFO [main] org.apache.catalina.startup.VersionLoggerListener.log OS Name:               Windows 7
11-Oct-2016 15:50:45.417 INFO [main] org.apache.catalina.startup.VersionLoggerListener.log OS Version:            6.1
11-Oct-2016 15:50:45.417 INFO [main] org.apache.catalina.startup.VersionLoggerListener.log Architecture:          amd64
11-Oct-2016 15:50:45.417 INFO [main] org.apache.catalina.startup.VersionLoggerListener.log Java Home:             C:\Program Files\Java\jdk1.8.0_91\jre
11-Oct-2016 15:50:45.417 INFO [main] org.apache.catalina.startup.VersionLoggerListener.log JVM Version:           1.8.0_91-b15
11-Oct-2016 15:50:45.417 INFO [main] org.apache.catalina.startup.VersionLoggerListener.log JVM Vendor:            Oracle Corporation
11-Oct-2016 15:50:45.417 INFO [main] org.apache.catalina.startup.VersionLoggerListener.log CATALINA_BASE:         D:\apache-tomcat-8.0.36
11-Oct-2016 15:50:45.417 INFO [main] org.apache.catalina.startup.VersionLoggerListener.log CATALINA_HOME:         D:\apache-tomcat-8.0.36
11-Oct-2016 15:50:45.417 INFO [main] org.apache.catalina.startup.VersionLoggerListener.log Command line argument: -Djdk.tls.ephemeralDHKeySize=2048
11-Oct-2016 15:50:45.417 INFO [main] org.apache.catalina.startup.VersionLoggerListener.log Command line argument: -Djava.util.logging.config.file=D:\apache-tomcat-8.0.36\conf\logging.properties
11-Oct-2016 15:50:45.417 INFO [main] org.apache.catalina.startup.VersionLoggerListener.log Command line argument: -Djava.util.logging.manager=org.apache.juli.ClassLoaderLogManager
11-Oct-2016 15:50:45.417 INFO [main] org.apache.catalina.startup.VersionLoggerListener.log Command line argument: -Djava.endorsed.dirs=D:\apache-tomcat-8.0.36\endorsed
11-Oct-2016 15:50:45.417 INFO [main] org.apache.catalina.startup.VersionLoggerListener.log Command line argument: -Dcatalina.base=D:\apache-tomcat-8.0.36
11-Oct-2016 15:50:45.417 INFO [main] org.apache.catalina.startup.VersionLoggerListener.log Command line argument: -Dcatalina.home=D:\apache-tomcat-8.0.36
11-Oct-2016 15:50:45.417 INFO [main] org.apache.catalina.startup.VersionLoggerListener.log Command line argument: -Djava.io.tmpdir=D:\apache-tomcat-8.0.36\temp
11-Oct-2016 15:50:45.417 INFO [main] org.apache.catalina.core.AprLifecycleListener.lifecycleEvent The APR based Apache Tomcat Native library which allows optimal performance in production environments was not found on the java.library.path: C:\Program Files\Java\jdk1.8.0_91\bin;C:\Windows\Sun\Java\bin;C:\Windows\system32;C:\Windows;C:\ProgramData\Oracle\Java\javapath;C:\Windows\system32;C:\Windows;C:\Windows\System32\Wbem;C:\Windows\System32\WindowsPowerShell\v1.0\;C:\Program Files\TortoiseSVN\bin;C:\Program Files\Java\jdk1.8.0_91\bin;C:\Program Files\Java\jdk1.8.0_91\jre\bin ;C:\Program Files (x86)\MySQL\MySQL Fabric 1.5 & MySQL Utilities 1.5\;C:\Program Files (x86)\MySQL\MySQL Fabric 1.5 & MySQL Utilities 1.5\Doctrine extensions for PHP\;D:\apache-maven-3.3.9\bin;D:\python2.7;C:\Users\Administrator\Desktop\xmlbeans-2.6.0\bin;.
11-Oct-2016 15:50:45.497 INFO [main] org.apache.coyote.AbstractProtocol.init Initializing ProtocolHandler ["http-nio-8080"]
11-Oct-2016 15:50:45.527 INFO [main] org.apache.tomcat.util.net.NioSelectorPool.getSharedSelector Using a shared selector for servlet write/read
11-Oct-2016 15:50:45.537 INFO [main] org.apache.coyote.AbstractProtocol.init Initializing ProtocolHandler ["ajp-nio-8009"]
11-Oct-2016 15:50:45.537 INFO [main] org.apache.tomcat.util.net.NioSelectorPool.getSharedSelector Using a shared selector for servlet write/read
11-Oct-2016 15:50:45.537 INFO [main] org.apache.catalina.startup.Catalina.load Initialization processed in 325 ms
11-Oct-2016 15:50:45.547 INFO [main] org.apache.catalina.core.StandardService.startInternal Starting service Catalina
11-Oct-2016 15:50:45.547 INFO [main] org.apache.catalina.core.StandardEngine.startInternal Starting Servlet Engine: Apache Tomcat/8.0.36
11-Oct-2016 15:50:45.557 INFO [localhost-startStop-1] org.apache.catalina.startup.HostConfig.deployDirectory Deploying web application directory D:\apache-tomcat-8.0.36\webapps\docs
11-Oct-2016 15:50:45.747 INFO [localhost-startStop-1] org.apache.catalina.startup.HostConfig.deployDirectory Deployment of web application directory D:\apache-tomcat-8.0.36\webapps\docs has finished in 190 ms
11-Oct-2016 15:50:45.747 INFO [localhost-startStop-1] org.apache.catalina.startup.HostConfig.deployDirectory Deploying web application directory D:\apache-tomcat-8.0.36\webapps\examples
11-Oct-2016 15:50:45.907 INFO [localhost-startStop-1] org.apache.catalina.startup.HostConfig.deployDirectory Deployment of web application directory D:\apache-tomcat-8.0.36\webapps\examples has finished in 160 ms
11-Oct-2016 15:50:45.907 INFO [localhost-startStop-1] org.apache.catalina.startup.HostConfig.deployDirectory Deploying web application directory D:\apache-tomcat-8.0.36\webapps\host-manager
11-Oct-2016 15:50:45.927 INFO [localhost-startStop-1] org.apache.catalina.startup.HostConfig.deployDirectory Deployment of web application directory D:\apache-tomcat-8.0.36\webapps\host-manager has finished in 20 ms
11-Oct-2016 15:50:45.927 INFO [localhost-startStop-1] org.apache.catalina.startup.HostConfig.deployDirectory Deploying web application directory D:\apache-tomcat-8.0.36\webapps\manager
11-Oct-2016 15:50:45.937 INFO [localhost-startStop-1] org.apache.catalina.startup.HostConfig.deployDirectory Deployment of web application directory D:\apache-tomcat-8.0.36\webapps\manager has finished in 10 ms
11-Oct-2016 15:50:45.937 INFO [localhost-startStop-1] org.apache.catalina.startup.HostConfig.deployDirectory Deploying web application directory D:\apache-tomcat-8.0.36\webapps\ROOT
11-Oct-2016 15:50:45.947 INFO [localhost-startStop-1] org.apache.catalina.startup.HostConfig.deployDirectory Deployment of web application directory D:\apache-tomcat-8.0.36\webapps\ROOT has finished in 10 ms
11-Oct-2016 15:50:45.947 INFO [localhost-startStop-1] org.apache.catalina.startup.HostConfig.deployDirectory Deploying web application directory D:\apache-tomcat-8.0.36\webapps\solr
11-Oct-2016 15:50:49.261 INFO [localhost-startStop-1] org.apache.jasper.servlet.TldScanner.scanJars At least one JAR was scanned for TLDs yet contained no TLDs. Enable debug logging for this logger for a complete list of JARs that were scanned but no TLDs were found in them. Skipping unneeded JARs during scanning can improve startup time and JSP compilation time.
11-Oct-2016 15:50:49.736 INFO [localhost-startStop-1] org.apache.catalina.startup.HostConfig.deployDirectory Deployment of web application directory D:\apache-tomcat-8.0.36\webapps\solr has finished in 3,789 ms
11-Oct-2016 15:50:49.736 INFO [localhost-startStop-1] org.apache.catalina.startup.HostConfig.deployDirectory Deploying web application directory D:\apache-tomcat-8.0.36\webapps\Spring-solr
11-Oct-2016 15:50:50.722 INFO [localhost-startStop-1] org.apache.jasper.servlet.TldScanner.scanJars At least one JAR was scanned for TLDs yet contained no TLDs. Enable debug logging for this logger for a complete list of JARs that were scanned but no TLDs were found in them. Skipping unneeded JARs during scanning can improve startup time and JSP compilation time.
11-Oct-2016 15:50:51.465 INFO [localhost-startStop-1] org.apache.catalina.startup.HostConfig.deployDirectory Deployment of web application directory D:\apache-tomcat-8.0.36\webapps\Spring-solr has finished in 1,729 ms
11-Oct-2016 15:50:51.467 INFO [main] org.apache.coyote.AbstractProtocol.start Starting ProtocolHandler ["http-nio-8080"]
11-Oct-2016 15:50:51.471 INFO [main] org.apache.coyote.AbstractProtocol.start Starting ProtocolHandler ["ajp-nio-8009"]
11-Oct-2016 15:50:51.473 INFO [main] org.apache.catalina.startup.Catalina.start Server startup in 5932 ms
11-Oct-2016 15:52:37.801 INFO [Thread-13] org.apache.coyote.AbstractProtocol.pause Pausing ProtocolHandler ["http-nio-8080"]
11-Oct-2016 15:52:37.861 INFO [Thread-13] org.apache.coyote.AbstractProtocol.pause Pausing ProtocolHandler ["ajp-nio-8009"]
11-Oct-2016 15:52:37.911 INFO [Thread-13] org.apache.catalina.core.StandardService.stopInternal Stopping service Catalina
11-Oct-2016 15:52:37.951 SEVERE [localhost-startStop-2] org.apache.catalina.loader.WebappClassLoaderBase.checkThreadLocalMapForLeaks The web application [solr] created a ThreadLocal with key of type [org.apache.solr.util.DateFormatUtil.ThreadLocalDateFormat] (value [org.apache.solr.util.DateFormatUtil$ThreadLocalDateFormat@51ecfc9]) and a value of type [org.apache.solr.util.DateFormatUtil.ISO8601CanonicalDateFormat] (value [org.apache.solr.util.DateFormatUtil$ISO8601CanonicalDateFormat@6b2ed43a]) but failed to remove it when the web application was stopped. Threads are going to be renewed over time to try and avoid a probable memory leak.
11-Oct-2016 15:52:37.951 SEVERE [localhost-startStop-2] org.apache.catalina.loader.WebappClassLoaderBase.checkThreadLocalMapForLeaks The web application [solr] created a ThreadLocal with key of type [org.apache.solr.util.DateFormatUtil.ThreadLocalDateFormat] (value [org.apache.solr.util.DateFormatUtil$ThreadLocalDateFormat@51ecfc9]) and a value of type [org.apache.solr.util.DateFormatUtil.ISO8601CanonicalDateFormat] (value [org.apache.solr.util.DateFormatUtil$ISO8601CanonicalDateFormat@6b2ed43a]) but failed to remove it when the web application was stopped. Threads are going to be renewed over time to try and avoid a probable memory leak.
11-Oct-2016 15:52:37.951 SEVERE [localhost-startStop-2] org.apache.catalina.loader.WebappClassLoaderBase.checkThreadLocalMapForLeaks The web application [solr] created a ThreadLocal with key of type [org.apache.solr.util.DateFormatUtil.ThreadLocalDateFormat] (value [org.apache.solr.util.DateFormatUtil$ThreadLocalDateFormat@51ecfc9]) and a value of type [org.apache.solr.util.DateFormatUtil.ISO8601CanonicalDateFormat] (value [org.apache.solr.util.DateFormatUtil$ISO8601CanonicalDateFormat@6b2ed43a]) but failed to remove it when the web application was stopped. Threads are going to be renewed over time to try and avoid a probable memory leak.
11-Oct-2016 15:52:37.951 SEVERE [localhost-startStop-2] org.apache.catalina.loader.WebappClassLoaderBase.checkThreadLocalMapForLeaks The web application [solr] created a ThreadLocal with key of type [org.apache.solr.util.DateFormatUtil.ThreadLocalDateFormat] (value [org.apache.solr.util.DateFormatUtil$ThreadLocalDateFormat@51ecfc9]) and a value of type [org.apache.solr.util.DateFormatUtil.ISO8601CanonicalDateFormat] (value [org.apache.solr.util.DateFormatUtil$ISO8601CanonicalDateFormat@6b2ed43a]) but failed to remove it when the web application was stopped. Threads are going to be renewed over time to try and avoid a probable memory leak.
11-Oct-2016 15:52:37.951 SEVERE [localhost-startStop-2] org.apache.catalina.loader.WebappClassLoaderBase.checkThreadLocalMapForLeaks The web application [solr] created a ThreadLocal with key of type [org.apache.solr.util.DateFormatUtil.ThreadLocalDateFormat] (value [org.apache.solr.util.DateFormatUtil$ThreadLocalDateFormat@51ecfc9]) and a value of type [org.apache.solr.util.DateFormatUtil.ISO8601CanonicalDateFormat] (value [org.apache.solr.util.DateFormatUtil$ISO8601CanonicalDateFormat@6b2ed43a]) but failed to remove it when the web application was stopped. Threads are going to be renewed over time to try and avoid a probable memory leak.
11-Oct-2016 15:52:37.951 SEVERE [localhost-startStop-2] org.apache.catalina.loader.WebappClassLoaderBase.checkThreadLocalMapForLeaks The web application [solr] created a ThreadLocal with key of type [org.apache.solr.util.DateFormatUtil.ThreadLocalDateFormat] (value [org.apache.solr.util.DateFormatUtil$ThreadLocalDateFormat@51ecfc9]) and a value of type [org.apache.solr.util.DateFormatUtil.ISO8601CanonicalDateFormat] (value [org.apache.solr.util.DateFormatUtil$ISO8601CanonicalDateFormat@6b2ed43a]) but failed to remove it when the web application was stopped. Threads are going to be renewed over time to try and avoid a probable memory leak.
11-Oct-2016 15:52:37.951 SEVERE [localhost-startStop-2] org.apache.catalina.loader.WebappClassLoaderBase.checkThreadLocalMapForLeaks The web application [solr] created a ThreadLocal with key of type [org.apache.solr.util.DateFormatUtil.ThreadLocalDateFormat] (value [org.apache.solr.util.DateFormatUtil$ThreadLocalDateFormat@51ecfc9]) and a value of type [org.apache.solr.util.DateFormatUtil.ISO8601CanonicalDateFormat] (value [org.apache.solr.util.DateFormatUtil$ISO8601CanonicalDateFormat@6b2ed43a]) but failed to remove it when the web application was stopped. Threads are going to be renewed over time to try and avoid a probable memory leak.
11-Oct-2016 15:52:37.961 INFO [Thread-13] org.apache.coyote.AbstractProtocol.stop Stopping ProtocolHandler ["http-nio-8080"]
11-Oct-2016 15:52:37.961 INFO [Thread-13] org.apache.coyote.AbstractProtocol.stop Stopping ProtocolHandler ["ajp-nio-8009"]
11-Oct-2016 15:52:37.961 INFO [Thread-13] org.apache.coyote.AbstractProtocol.destroy Destroying ProtocolHandler ["http-nio-8080"]
11-Oct-2016 15:52:37.961 INFO [Thread-13] org.apache.coyote.AbstractProtocol.destroy Destroying ProtocolHandler ["ajp-nio-8009"]
11-Oct-2016 15:53:07.268 INFO [main] org.apache.catalina.startup.VersionLoggerListener.log Server version:        Apache Tomcat/8.0.36
11-Oct-2016 15:53:07.269 INFO [main] org.apache.catalina.startup.VersionLoggerListener.log Server built:          Jun 9 2016 13:55:50 UTC
11-Oct-2016 15:53:07.269 INFO [main] org.apache.catalina.startup.VersionLoggerListener.log Server number:         8.0.36.0
11-Oct-2016 15:53:07.269 INFO [main] org.apache.catalina.startup.VersionLoggerListener.log OS Name:               Windows 7
11-Oct-2016 15:53:07.269 INFO [main] org.apache.catalina.startup.VersionLoggerListener.log OS Version:            6.1
11-Oct-2016 15:53:07.269 INFO [main] org.apache.catalina.startup.VersionLoggerListener.log Architecture:          amd64
11-Oct-2016 15:53:07.269 INFO [main] org.apache.catalina.startup.VersionLoggerListener.log Java Home:             C:\Program Files\Java\jdk1.8.0_91\jre
11-Oct-2016 15:53:07.269 INFO [main] org.apache.catalina.startup.VersionLoggerListener.log JVM Version:           1.8.0_91-b15
11-Oct-2016 15:53:07.270 INFO [main] org.apache.catalina.startup.VersionLoggerListener.log JVM Vendor:            Oracle Corporation
11-Oct-2016 15:53:07.270 INFO [main] org.apache.catalina.startup.VersionLoggerListener.log CATALINA_BASE:         D:\apache-tomcat-8.0.36
11-Oct-2016 15:53:07.270 INFO [main] org.apache.catalina.startup.VersionLoggerListener.log CATALINA_HOME:         D:\apache-tomcat-8.0.36
11-Oct-2016 15:53:07.270 INFO [main] org.apache.catalina.startup.VersionLoggerListener.log Command line argument: -Djdk.tls.ephemeralDHKeySize=2048
11-Oct-2016 15:53:07.270 INFO [main] org.apache.catalina.startup.VersionLoggerListener.log Command line argument: -Djava.util.logging.config.file=D:\apache-tomcat-8.0.36\conf\logging.properties
11-Oct-2016 15:53:07.271 INFO [main] org.apache.catalina.startup.VersionLoggerListener.log Command line argument: -Djava.util.logging.manager=org.apache.juli.ClassLoaderLogManager
11-Oct-2016 15:53:07.271 INFO [main] org.apache.catalina.startup.VersionLoggerListener.log Command line argument: -Djava.endorsed.dirs=D:\apache-tomcat-8.0.36\endorsed
11-Oct-2016 15:53:07.271 INFO [main] org.apache.catalina.startup.VersionLoggerListener.log Command line argument: -Dcatalina.base=D:\apache-tomcat-8.0.36
11-Oct-2016 15:53:07.271 INFO [main] org.apache.catalina.startup.VersionLoggerListener.log Command line argument: -Dcatalina.home=D:\apache-tomcat-8.0.36
11-Oct-2016 15:53:07.272 INFO [main] org.apache.catalina.startup.VersionLoggerListener.log Command line argument: -Djava.io.tmpdir=D:\apache-tomcat-8.0.36\temp
11-Oct-2016 15:53:07.272 INFO [main] org.apache.catalina.core.AprLifecycleListener.lifecycleEvent The APR based Apache Tomcat Native library which allows optimal performance in production environments was not found on the java.library.path: C:\Program Files\Java\jdk1.8.0_91\bin;C:\Windows\Sun\Java\bin;C:\Windows\system32;C:\Windows;C:\ProgramData\Oracle\Java\javapath;C:\Windows\system32;C:\Windows;C:\Windows\System32\Wbem;C:\Windows\System32\WindowsPowerShell\v1.0\;C:\Program Files\TortoiseSVN\bin;C:\Program Files\Java\jdk1.8.0_91\bin;C:\Program Files\Java\jdk1.8.0_91\jre\bin ;C:\Program Files (x86)\MySQL\MySQL Fabric 1.5 & MySQL Utilities 1.5\;C:\Program Files (x86)\MySQL\MySQL Fabric 1.5 & MySQL Utilities 1.5\Doctrine extensions for PHP\;D:\apache-maven-3.3.9\bin;D:\python2.7;C:\Users\Administrator\Desktop\xmlbeans-2.6.0\bin;.
11-Oct-2016 15:53:07.343 INFO [main] org.apache.coyote.AbstractProtocol.init Initializing ProtocolHandler ["http-nio-8080"]
11-Oct-2016 15:53:07.385 INFO [main] org.apache.tomcat.util.net.NioSelectorPool.getSharedSelector Using a shared selector for servlet write/read
11-Oct-2016 15:53:07.387 INFO [main] org.apache.coyote.AbstractProtocol.init Initializing ProtocolHandler ["ajp-nio-8009"]
11-Oct-2016 15:53:07.389 INFO [main] org.apache.tomcat.util.net.NioSelectorPool.getSharedSelector Using a shared selector for servlet write/read
11-Oct-2016 15:53:07.389 INFO [main] org.apache.catalina.startup.Catalina.load Initialization processed in 322 ms
11-Oct-2016 15:53:07.401 INFO [main] org.apache.catalina.core.StandardService.startInternal Starting service Catalina
11-Oct-2016 15:53:07.401 INFO [main] org.apache.catalina.core.StandardEngine.startInternal Starting Servlet Engine: Apache Tomcat/8.0.36
11-Oct-2016 15:53:07.405 INFO [localhost-startStop-1] org.apache.catalina.startup.HostConfig.deployDirectory Deploying web application directory D:\apache-tomcat-8.0.36\webapps\docs
11-Oct-2016 15:53:07.602 INFO [localhost-startStop-1] org.apache.catalina.startup.HostConfig.deployDirectory Deployment of web application directory D:\apache-tomcat-8.0.36\webapps\docs has finished in 197 ms
11-Oct-2016 15:53:07.603 INFO [localhost-startStop-1] org.apache.catalina.startup.HostConfig.deployDirectory Deploying web application directory D:\apache-tomcat-8.0.36\webapps\examples
11-Oct-2016 15:53:07.760 INFO [localhost-startStop-1] org.apache.catalina.startup.HostConfig.deployDirectory Deployment of web application directory D:\apache-tomcat-8.0.36\webapps\examples has finished in 157 ms
11-Oct-2016 15:53:07.760 INFO [localhost-startStop-1] org.apache.catalina.startup.HostConfig.deployDirectory Deploying web application directory D:\apache-tomcat-8.0.36\webapps\host-manager
11-Oct-2016 15:53:07.774 INFO [localhost-startStop-1] org.apache.catalina.startup.HostConfig.deployDirectory Deployment of web application directory D:\apache-tomcat-8.0.36\webapps\host-manager has finished in 14 ms
11-Oct-2016 15:53:07.775 INFO [localhost-startStop-1] org.apache.catalina.startup.HostConfig.deployDirectory Deploying web application directory D:\apache-tomcat-8.0.36\webapps\manager
11-Oct-2016 15:53:07.788 INFO [localhost-startStop-1] org.apache.catalina.startup.HostConfig.deployDirectory Deployment of web application directory D:\apache-tomcat-8.0.36\webapps\manager has finished in 13 ms
11-Oct-2016 15:53:07.789 INFO [localhost-startStop-1] org.apache.catalina.startup.HostConfig.deployDirectory Deploying web application directory D:\apache-tomcat-8.0.36\webapps\ROOT
11-Oct-2016 15:53:07.799 INFO [localhost-startStop-1] org.apache.catalina.startup.HostConfig.deployDirectory Deployment of web application directory D:\apache-tomcat-8.0.36\webapps\ROOT has finished in 10 ms
11-Oct-2016 15:53:07.799 INFO [localhost-startStop-1] org.apache.catalina.startup.HostConfig.deployDirectory Deploying web application directory D:\apache-tomcat-8.0.36\webapps\solr
11-Oct-2016 15:53:11.229 INFO [localhost-startStop-1] org.apache.jasper.servlet.TldScanner.scanJars At least one JAR was scanned for TLDs yet contained no TLDs. Enable debug logging for this logger for a complete list of JARs that were scanned but no TLDs were found in them. Skipping unneeded JARs during scanning can improve startup time and JSP compilation time.
11-Oct-2016 15:53:11.699 INFO [localhost-startStop-1] org.apache.catalina.startup.HostConfig.deployDirectory Deployment of web application directory D:\apache-tomcat-8.0.36\webapps\solr has finished in 3,900 ms
11-Oct-2016 15:53:11.699 INFO [localhost-startStop-1] org.apache.catalina.startup.HostConfig.deployDirectory Deploying web application directory D:\apache-tomcat-8.0.36\webapps\Spring-solr
11-Oct-2016 15:53:12.669 INFO [localhost-startStop-1] org.apache.jasper.servlet.TldScanner.scanJars At least one JAR was scanned for TLDs yet contained no TLDs. Enable debug logging for this logger for a complete list of JARs that were scanned but no TLDs were found in them. Skipping unneeded JARs during scanning can improve startup time and JSP compilation time.
11-Oct-2016 15:53:13.431 INFO [localhost-startStop-1] org.apache.catalina.startup.HostConfig.deployDirectory Deployment of web application directory D:\apache-tomcat-8.0.36\webapps\Spring-solr has finished in 1,732 ms
11-Oct-2016 15:53:13.431 INFO [main] org.apache.coyote.AbstractProtocol.start Starting ProtocolHandler ["http-nio-8080"]
11-Oct-2016 15:53:13.441 INFO [main] org.apache.coyote.AbstractProtocol.start Starting ProtocolHandler ["ajp-nio-8009"]
11-Oct-2016 15:53:13.441 INFO [main] org.apache.catalina.startup.Catalina.start Server startup in 6056 ms
