01-Sep-2016 11:04:33.444 INFO [localhost-startStop-1] org.apache.catalina.core.ApplicationContext.log ContextListener: contextInitialized()
01-Sep-2016 11:04:33.444 INFO [localhost-startStop-1] org.apache.catalina.core.ApplicationContext.log SessionListener: contextInitialized()
01-Sep-2016 11:04:36.767 INFO [localhost-startStop-1] org.apache.catalina.core.ApplicationContext.log No Spring WebApplicationInitializer types detected on classpath
01-Sep-2016 11:04:36.814 INFO [localhost-startStop-1] org.apache.catalina.core.ApplicationContext.log Initializing Spring root WebApplicationContext
01-Sep-2016 11:04:38.624 INFO [localhost-startStop-1] org.apache.catalina.core.ApplicationContext.log Set web app root system property: 'webapp.root' = [D:\apache-tomcat-8.0.36\webapps\SSH_maven Maven Webapp\]
01-Sep-2016 11:04:38.624 INFO [localhost-startStop-1] org.apache.catalina.core.ApplicationContext.log Initializing log4j from [classpath:log4j.properties]
01-Sep-2016 11:04:39.466 INFO [localhost-startStop-1] org.apache.catalina.core.ApplicationContext.log Initializing Spring FrameworkServlet 'BDC_QJ'
01-Sep-2016 11:05:34.275 INFO [localhost-startStop-1] org.apache.catalina.core.ApplicationContext.log No Spring WebApplicationInitializer types detected on classpath
01-Sep-2016 11:05:34.331 INFO [localhost-startStop-1] org.apache.catalina.core.ApplicationContext.log Initializing Spring root WebApplicationContext
01-Sep-2016 11:05:36.060 INFO [localhost-startStop-1] org.apache.catalina.core.ApplicationContext.log Set web app root system property: 'webapp.root' = [D:\apache-tomcat-8.0.36\webapps\BDC_QJDC\]
01-Sep-2016 11:05:36.061 INFO [localhost-startStop-1] org.apache.catalina.core.ApplicationContext.log Initializing log4j from [classpath:log4j.properties]
01-Sep-2016 11:05:36.963 INFO [localhost-startStop-1] org.apache.catalina.core.ApplicationContext.log Initializing Spring FrameworkServlet 'BDC_QJ'
01-Sep-2016 11:05:37.610 INFO [localhost-startStop-1] org.apache.catalina.core.ApplicationContext.log ContextListener: contextInitialized()
01-Sep-2016 11:05:37.610 INFO [localhost-startStop-1] org.apache.catalina.core.ApplicationContext.log SessionListener: contextInitialized()
01-Sep-2016 11:07:21.656 INFO [localhost-startStop-1] org.apache.catalina.core.ApplicationContext.log No Spring WebApplicationInitializer types detected on classpath
01-Sep-2016 11:07:21.703 INFO [localhost-startStop-1] org.apache.catalina.core.ApplicationContext.log Initializing Spring root WebApplicationContext
01-Sep-2016 11:07:23.559 INFO [localhost-startStop-1] org.apache.catalina.core.ApplicationContext.log Set web app root system property: 'webapp.root' = [D:\apache-tomcat-8.0.36\webapps\BDC_QJDC\]
01-Sep-2016 11:07:23.559 INFO [localhost-startStop-1] org.apache.catalina.core.ApplicationContext.log Initializing log4j from [classpath:log4j.properties]
01-Sep-2016 11:07:24.401 INFO [localhost-startStop-1] org.apache.catalina.core.ApplicationContext.log Initializing Spring FrameworkServlet 'BDC_QJ'
01-Sep-2016 11:07:25.010 INFO [localhost-startStop-1] org.apache.catalina.core.ApplicationContext.log ContextListener: contextInitialized()
01-Sep-2016 11:07:25.010 INFO [localhost-startStop-1] org.apache.catalina.core.ApplicationContext.log SessionListener: contextInitialized()
01-Sep-2016 11:08:49.629 INFO [localhost-startStop-1] org.apache.catalina.core.ApplicationContext.log No Spring WebApplicationInitializer types detected on classpath
01-Sep-2016 11:08:49.676 INFO [localhost-startStop-1] org.apache.catalina.core.ApplicationContext.log Initializing Spring root WebApplicationContext
01-Sep-2016 11:08:51.579 INFO [localhost-startStop-1] org.apache.catalina.core.ApplicationContext.log Set web app root system property: 'webapp.root' = [D:\apache-tomcat-8.0.36\webapps\BDC_QJDC\]
01-Sep-2016 11:08:51.579 INFO [localhost-startStop-1] org.apache.catalina.core.ApplicationContext.log Initializing log4j from [classpath:log4j.properties]
01-Sep-2016 11:08:52.422 INFO [localhost-startStop-1] org.apache.catalina.core.ApplicationContext.log Initializing Spring FrameworkServlet 'BDC_QJ'
01-Sep-2016 11:08:53.061 INFO [localhost-startStop-1] org.apache.catalina.core.ApplicationContext.log ContextListener: contextInitialized()
01-Sep-2016 11:08:53.061 INFO [localhost-startStop-1] org.apache.catalina.core.ApplicationContext.log SessionListener: contextInitialized()
01-Sep-2016 11:09:52.252 INFO [localhost-startStop-1] org.apache.catalina.core.ApplicationContext.log No Spring WebApplicationInitializer types detected on classpath
01-Sep-2016 11:09:52.298 INFO [localhost-startStop-1] org.apache.catalina.core.ApplicationContext.log Initializing Spring root WebApplicationContext
01-Sep-2016 11:09:54.046 INFO [localhost-startStop-1] org.apache.catalina.core.ApplicationContext.log Set web app root system property: 'webapp.root' = [D:\apache-tomcat-8.0.36\webapps\BDC_QJDC\]
01-Sep-2016 11:09:54.046 INFO [localhost-startStop-1] org.apache.catalina.core.ApplicationContext.log Initializing log4j from [classpath:log4j.properties]
01-Sep-2016 11:09:54.966 INFO [localhost-startStop-1] org.apache.catalina.core.ApplicationContext.log Initializing Spring FrameworkServlet 'BDC_QJ'
01-Sep-2016 11:09:55.606 INFO [localhost-startStop-1] org.apache.catalina.core.ApplicationContext.log ContextListener: contextInitialized()
01-Sep-2016 11:09:55.606 INFO [localhost-startStop-1] org.apache.catalina.core.ApplicationContext.log SessionListener: contextInitialized()
01-Sep-2016 11:11:24.693 INFO [localhost-startStop-1] org.apache.catalina.core.ApplicationContext.log No Spring WebApplicationInitializer types detected on classpath
01-Sep-2016 11:11:24.755 INFO [localhost-startStop-1] org.apache.catalina.core.ApplicationContext.log Initializing Spring root WebApplicationContext
01-Sep-2016 11:11:26.580 INFO [localhost-startStop-1] org.apache.catalina.core.ApplicationContext.log Set web app root system property: 'webapp.root' = [D:\apache-tomcat-8.0.36\webapps\BDC_QJDC\]
01-Sep-2016 11:11:26.580 INFO [localhost-startStop-1] org.apache.catalina.core.ApplicationContext.log Initializing log4j from [classpath:log4j.properties]
01-Sep-2016 11:11:27.547 INFO [localhost-startStop-1] org.apache.catalina.core.ApplicationContext.log Initializing Spring FrameworkServlet 'BDC_QJ'
01-Sep-2016 11:11:28.156 INFO [localhost-startStop-1] org.apache.catalina.core.ApplicationContext.log ContextListener: contextInitialized()
01-Sep-2016 11:11:28.156 INFO [localhost-startStop-1] org.apache.catalina.core.ApplicationContext.log SessionListener: contextInitialized()
